<?xml version="1.0" encoding="UTF-8"?>
<!-- Generated by org.testng.reporters.JUnitReportReporter -->
<testsuite hostname="DESKTOP-DCTEAPV" failures="0" tests="10" name="tests.D_RCTest" time="101.088" errors="0" timestamp="2025-06-23T14:29:28 IST" skipped="0">
  <testcase classname="tests.D_RCTest" name="editRC" time="12.803"/>
  <testcase classname="tests.D_RCTest" name="editRC" time="12.454"/>
  <testcase classname="tests.D_RCTest" name="editRC" time="12.686"/>
  <testcase classname="tests.D_RCTest" name="editRC" time="12.666"/>
  <testcase classname="tests.D_RCTest" name="editRC" time="13.215"/>
  <testcase classname="tests.D_RCTest" name="addRC" time="7.559"/>
  <testcase classname="tests.D_RCTest" name="addRC" time="7.110"/>
  <testcase classname="tests.D_RCTest" name="addRC" time="7.463"/>
  <testcase classname="tests.D_RCTest" name="addRC" time="7.683"/>
  <testcase classname="tests.D_RCTest" name="addRC" time="7.449"/>
</testsuite> <!-- tests.D_RCTest -->
