<?xml version="1.0" encoding="UTF-8"?>
<!-- Generated by org.testng.reporters.JUnitReportReporter -->
<testsuite hostname="DESKTOP-DCTEAPV" failures="0" tests="4" name="tests.DGTest" time="54.694" errors="0" timestamp="2025-06-11T06:45:29 IST" skipped="0">
  <testcase classname="tests.DGTest" name="adminlogin" time="13.688"/>
  <testcase classname="tests.DGTest" name="editDG" time="13.890"/>
  <testcase classname="tests.DGTest" name="editDG" time="13.896"/>
  <testcase classname="tests.DGTest" name="editDG" time="13.220"/>
</testsuite> <!-- tests.DGTest -->
