<?xml version="1.0" encoding="UTF-8"?>
<!-- Generated by org.testng.reporters.JUnitReportReporter -->
<testsuite hostname="DESKTOP-DCTEAPV" failures="0" tests="1" name="tests.I_NodeAppTest" time="88.978" errors="0" timestamp="2025-06-23T14:29:28 IST" skipped="0">
  <testcase classname="tests.I_NodeAppTest" name="testingNodeApp" time="88.978"/>
</testsuite> <!-- tests.I_NodeAppTest -->
