<?xml version="1.0" encoding="UTF-8"?>
<!-- Generated by org.testng.reporters.JUnitReportReporter -->
<testsuite hostname="DESKTOP-DCTEAPV" failures="0" tests="3" name="tests.L_CommandsTest" time="309.171" errors="0" timestamp="2025-06-20T11:48:19 IST" skipped="0">
  <testcase classname="tests.L_CommandsTest" name="adminlogin" time="0.308"/>
  <testcase classname="tests.L_CommandsTest" name="commandsTests" time="243.427"/>
  <testcase classname="tests.L_CommandsTest" name="commandsFunTests" time="65.436"/>
</testsuite> <!-- tests.L_CommandsTest -->
