<?xml version="1.0" encoding="UTF-8"?>
<!-- Generated by org.testng.reporters.JUnitReportReporter -->
<testsuite hostname="DESKTOP-DCTEAPV" failures="0" tests="6" name="tests.SystemConfigTest" time="96.453" errors="0" timestamp="2025-06-11T06:40:14 IST" skipped="0">
  <testcase classname="tests.SystemConfigTest" name="adminlogin" time="1.598"/>
  <testcase classname="tests.SystemConfigTest" name="editSysConf" time="18.888"/>
  <testcase classname="tests.SystemConfigTest" name="editSysConf" time="19.197"/>
  <testcase classname="tests.SystemConfigTest" name="editSysConf" time="19.011"/>
  <testcase classname="tests.SystemConfigTest" name="editSysConf" time="18.942"/>
  <testcase classname="tests.SystemConfigTest" name="editSysConf" time="18.817"/>
</testsuite> <!-- tests.SystemConfigTest -->
