<?xml version="1.0" encoding="UTF-8"?>
<!-- Generated by org.testng.reporters.JUnitReportReporter -->
<testsuite hostname="DESKTOP-DCTEAPV" failures="0" tests="2" name="tests.G_AlphaNodeTest" time="65.487" errors="0" timestamp="2025-06-23T14:29:28 IST" skipped="0">
  <testcase classname="tests.G_AlphaNodeTest" name="addTestAlphaNode" time="36.081"/>
  <testcase classname="tests.G_AlphaNodeTest" name="editTestAlphaNode" time="29.406"/>
</testsuite> <!-- tests.G_AlphaNodeTest -->
