<?xml version="1.0" encoding="UTF-8"?>
<!-- Generated by org.testng.reporters.JUnitReportReporter -->
<testsuite hostname="DESKTOP-DCTEAPV" failures="0" tests="2" name="tests.M_ISOmsgs_FunctionTests" time="26.584" errors="0" timestamp="2025-06-21T07:32:55 IST" skipped="1">
  <testcase classname="tests.M_ISOmsgs_FunctionTests" name="mdsInterfaceTest" time="26.584"/>
  <testcase classname="tests.M_ISOmsgs_FunctionTests" name="B24InterfaceTest">
    <skipped/>
  </testcase> <!-- B24InterfaceTest -->
</testsuite> <!-- tests.M_ISOmsgs_FunctionTests -->
