<?xml version="1.0" encoding="UTF-8"?>
<!-- Generated by org.testng.reporters.JUnitReportReporter -->
<testsuite hostname="DESKTOP-DCTEAPV" failures="0" tests="6" name="tests.E_CardGroupTest" time="218.881" errors="0" timestamp="2025-06-23T14:29:28 IST" skipped="0">
  <testcase classname="tests.E_CardGroupTest" name="addCG" time="15.854"/>
  <testcase classname="tests.E_CardGroupTest" name="editCG" time="40.252"/>
  <testcase classname="tests.E_CardGroupTest" name="editCG" time="41.677"/>
  <testcase classname="tests.E_CardGroupTest" name="editCG" time="40.631"/>
  <testcase classname="tests.E_CardGroupTest" name="editCG" time="40.452"/>
  <testcase classname="tests.E_CardGroupTest" name="editCG" time="40.015"/>
</testsuite> <!-- tests.E_CardGroupTest -->
