<?xml version="1.0" encoding="UTF-8"?>
<!-- Generated by org.testng.reporters.JUnitReportReporter -->
<testsuite hostname="DESKTOP-DCTEAPV" failures="0" tests="2" name="tests.K_RoutesTest" time="29.518" errors="0" timestamp="2025-06-14T17:56:11 IST" skipped="0">
  <testcase classname="tests.K_RoutesTest" name="adminlogin" time="0.354"/>
  <testcase classname="tests.K_RoutesTest" name="editRoutes" time="29.164"/>
</testsuite> <!-- tests.K_RoutesTest -->
