<?xml version="1.0" encoding="UTF-8"?>
<!-- Generated by org.testng.reporters.JUnitReportReporter -->
<testsuite hostname="DESKTOP-DCTEAPV" failures="0" tests="9" name="tests.RCTest" time="60.161" errors="0" timestamp="2025-06-11T06:50:19 IST" skipped="0">
  <testcase classname="tests.RCTest" name="adminlogin" time="3.245"/>
  <testcase classname="tests.RCTest" name="editRC" time="10.468"/>
  <testcase classname="tests.RCTest" name="editRC" time="10.847"/>
  <testcase classname="tests.RCTest" name="editRC" time="10.773"/>
  <testcase classname="tests.RCTest" name="editRC" time="11.073"/>
  <testcase classname="tests.RCTest" name="addRC" time="3.059"/>
  <testcase classname="tests.RCTest" name="addRC" time="3.340"/>
  <testcase classname="tests.RCTest" name="addRC" time="4.085"/>
  <testcase classname="tests.RCTest" name="addRC" time="3.271"/>
</testsuite> <!-- tests.RCTest -->
