<?xml version="1.0" encoding="UTF-8"?>
<!-- Generated by org.testng.reporters.JUnitReportReporter -->
<testsuite hostname="DESKTOP-DCTEAPV" failures="0" tests="4" name="tests.J_InterchangesTest" time="129.008" errors="0" timestamp="2025-06-18T22:05:07 IST" skipped="0">
  <testcase classname="tests.J_InterchangesTest" name="adminlogin" time="2.001"/>
  <testcase classname="tests.J_InterchangesTest" name="addNodeApp" time="53.780"/>
  <testcase classname="tests.J_InterchangesTest" name="addNodeApp" time="36.810"/>
  <testcase classname="tests.J_InterchangesTest" name="addNodeApp" time="36.417"/>
</testsuite> <!-- tests.J_InterchangesTest -->
