<?xml version="1.0" encoding="UTF-8"?>
<!-- Generated by org.testng.reporters.JUnitReportReporter -->
<testsuite hostname="DESKTOP-DCTEAPV" failures="0" tests="1" name="tests.J_InterchangesTest" time="48.275" errors="0" timestamp="2025-06-23T14:29:28 IST" skipped="0">
  <testcase classname="tests.J_InterchangesTest" name="addNodeApp" time="48.275"/>
</testsuite> <!-- tests.J_InterchangesTest -->
