<?xml version="1.0" encoding="UTF-8"?>
<!-- Generated by org.testng.reporters.JUnitReportReporter -->
<testsuite hostname="DESKTOP-DCTEAPV" failures="0" tests="6" name="tests.I_NodeAppTest" time="193.229" errors="0" timestamp="2025-06-18T15:10:22 IST" skipped="0">
  <testcase classname="tests.I_NodeAppTest" name="adminlogin" time="3.292"/>
  <testcase classname="tests.I_NodeAppTest" name="testingNodeApp" time="93.262"/>
  <testcase classname="tests.I_NodeAppTest" name="addNodeApp" time="17.828"/>
  <testcase classname="tests.I_NodeAppTest" name="addNodeApp" time="18.108"/>
  <testcase classname="tests.I_NodeAppTest" name="addNodeAppConnections" time="30.164"/>
  <testcase classname="tests.I_NodeAppTest" name="addNodeAppConnections" time="30.575"/>
</testsuite> <!-- tests.I_NodeAppTest -->
