<?xml version="1.0" encoding="UTF-8"?>
<!-- Generated by org.testng.reporters.JUnitReportReporter -->
<testsuite hostname="DESKTOP-DCTEAPV" failures="0" tests="43" name="tests.E_CardGroupTest" time="608.762" errors="0" timestamp="2025-06-14T17:45:43 IST" skipped="0">
  <testcase classname="tests.E_CardGroupTest" name="adminlogin" time="4.216"/>
  <testcase classname="tests.E_CardGroupTest" name="addCG" time="14.709"/>
  <testcase classname="tests.E_CardGroupTest" name="editCG" time="31.738"/>
  <testcase classname="tests.E_CardGroupTest" name="editCG" time="31.654"/>
  <testcase classname="tests.E_CardGroupTest" name="editCG" time="31.882"/>
  <testcase classname="tests.E_CardGroupTest" name="editCG" time="31.561"/>
  <testcase classname="tests.E_CardGroupTest" name="editCG" time="31.485"/>
  <testcase classname="tests.E_CardGroupTest" name="truncateDBTablesOfBins" time="0.530"/>
  <testcase classname="tests.E_CardGroupTest" name="binConfigurationCMSCardGroup" time="12.393"/>
  <testcase classname="tests.E_CardGroupTest" name="binConfigurationCMSCardGroup" time="12.215"/>
  <testcase classname="tests.E_CardGroupTest" name="binConfigurationCMSCardGroup" time="12.597"/>
  <testcase classname="tests.E_CardGroupTest" name="binConfigurationCMSCardGroup" time="12.179"/>
  <testcase classname="tests.E_CardGroupTest" name="binConfigurationCMSCardGroup" time="12.375"/>
  <testcase classname="tests.E_CardGroupTest" name="binConfigurationCMSCardGroup" time="12.274"/>
  <testcase classname="tests.E_CardGroupTest" name="binConfigurationCMSCardGroup" time="12.337"/>
  <testcase classname="tests.E_CardGroupTest" name="binConfigurationCMSCardGroup" time="12.265"/>
  <testcase classname="tests.E_CardGroupTest" name="binConfigurationCMSCardGroup" time="12.346"/>
  <testcase classname="tests.E_CardGroupTest" name="binConfigurationCMSCardGroup" time="12.525"/>
  <testcase classname="tests.E_CardGroupTest" name="binConfigurationCMSCardGroup" time="12.216"/>
  <testcase classname="tests.E_CardGroupTest" name="binConfigurationCMSCardGroup" time="12.332"/>
  <testcase classname="tests.E_CardGroupTest" name="binConfigurationCMSCardGroup" time="12.414"/>
  <testcase classname="tests.E_CardGroupTest" name="binConfigurationCMSCardGroup" time="12.148"/>
  <testcase classname="tests.E_CardGroupTest" name="binConfigurationCMSCardGroup" time="12.181"/>
  <testcase classname="tests.E_CardGroupTest" name="binConfigurationCMSCardGroup" time="12.305"/>
  <testcase classname="tests.E_CardGroupTest" name="binConfigurationCMSCardGroup" time="12.389"/>
  <testcase classname="tests.E_CardGroupTest" name="binConfigurationCMSCardGroup" time="12.198"/>
  <testcase classname="tests.E_CardGroupTest" name="binConfigurationCMSCardGroup" time="12.145"/>
  <testcase classname="tests.E_CardGroupTest" name="binConfigurationCMSCardGroup" time="12.237"/>
  <testcase classname="tests.E_CardGroupTest" name="binConfigurationCMSCardGroup" time="12.221"/>
  <testcase classname="tests.E_CardGroupTest" name="binConfigurationCMSCardGroup" time="12.280"/>
  <testcase classname="tests.E_CardGroupTest" name="binConfigurationCMSCardGroup" time="12.245"/>
  <testcase classname="tests.E_CardGroupTest" name="binConfigurationCMSCardGroup" time="12.286"/>
  <testcase classname="tests.E_CardGroupTest" name="binConfigurationCMSCardGroup" time="12.468"/>
  <testcase classname="tests.E_CardGroupTest" name="binConfigurationCMSCardGroup" time="12.795"/>
  <testcase classname="tests.E_CardGroupTest" name="binConfigurationCMSCardGroup" time="12.168"/>
  <testcase classname="tests.E_CardGroupTest" name="binConfigurationCMSCardGroup" time="12.401"/>
  <testcase classname="tests.E_CardGroupTest" name="binConfigurationCMSCardGroup" time="12.368"/>
  <testcase classname="tests.E_CardGroupTest" name="binConfigurationCMSCardGroup" time="12.200"/>
  <testcase classname="tests.E_CardGroupTest" name="binConfigurationCMSCardGroup" time="12.335"/>
  <testcase classname="tests.E_CardGroupTest" name="binConfigurationCMSCardGroup" time="12.399"/>
  <testcase classname="tests.E_CardGroupTest" name="binConfigurationCMSCardGroup" time="12.300"/>
  <testcase classname="tests.E_CardGroupTest" name="binConfigurationCMSCardGroup" time="12.185"/>
  <testcase classname="tests.E_CardGroupTest" name="binConfigurationCMSCardGroup" time="12.265"/>
</testsuite> <!-- tests.E_CardGroupTest -->
