<?xml version="1.0" encoding="UTF-8"?>
<!-- Generated by org.testng.reporters.JUnitReportReporter -->
<testsuite hostname="DESKTOP-DCTEAPV" failures="0" tests="3" name="tests.F_DGTest" time="41.555" errors="0" timestamp="2025-06-23T14:29:28 IST" skipped="0">
  <testcase classname="tests.F_DGTest" name="editDG" time="13.806"/>
  <testcase classname="tests.F_DGTest" name="editDG" time="13.574"/>
  <testcase classname="tests.F_DGTest" name="editDG" time="14.175"/>
</testsuite> <!-- tests.F_DGTest -->
