<?xml version="1.0" encoding="UTF-8"?>
<!-- Generated by org.testng.reporters.JUnitReportReporter -->
<testsuite hostname="DESKTOP-DCTEAPV" failures="0" tests="1" name="tests.L_CommandsTest" time="250.999" errors="0" timestamp="2025-06-23T14:29:28 IST" skipped="0">
  <testcase classname="tests.L_CommandsTest" name="commandsTests" time="250.999"/>
</testsuite> <!-- tests.L_CommandsTest -->
