<?xml version="1.0" encoding="UTF-8"?>
<!-- Generated by org.testng.reporters.JUnitReportReporter -->
<testsuite hostname="DESKTOP-DCTEAPV" failures="0" tests="4" name="tests.F_DGTest" time="53.613" errors="0" timestamp="2025-06-11T12:28:09 IST" skipped="0">
  <testcase classname="tests.F_DGTest" name="adminlogin" time="5.552"/>
  <testcase classname="tests.F_DGTest" name="editDG" time="14.266"/>
  <testcase classname="tests.F_DGTest" name="editDG" time="15.103"/>
  <testcase classname="tests.F_DGTest" name="editDG" time="18.692"/>
</testsuite> <!-- tests.F_DGTest -->
