<?xml version="1.0" encoding="UTF-8"?>
<!-- Generated by org.testng.reporters.JUnitReportReporter -->
<testsuite hostname="DESKTOP-DCTEAPV" failures="0" tests="5" name="tests.C_SystemConfigTest" time="96.142" errors="0" timestamp="2025-06-23T14:29:28 IST" skipped="0">
  <testcase classname="tests.C_SystemConfigTest" name="editSysConf" time="19.053"/>
  <testcase classname="tests.C_SystemConfigTest" name="editSysConf" time="19.368"/>
  <testcase classname="tests.C_SystemConfigTest" name="editSysConf" time="18.882"/>
  <testcase classname="tests.C_SystemConfigTest" name="editSysConf" time="19.613"/>
  <testcase classname="tests.C_SystemConfigTest" name="editSysConf" time="19.226"/>
</testsuite> <!-- tests.C_SystemConfigTest -->
