<?xml version="1.0" encoding="UTF-8"?>
<!-- Generated by org.testng.reporters.JUnitReportReporter -->
<testsuite hostname="DESKTOP-DCTEAPV" failures="0" tests="5" name="tests.B_UserRegistrationTest" time="25.830" errors="0" timestamp="2025-06-23T14:29:28 IST" skipped="0">
  <testcase classname="tests.B_UserRegistrationTest" name="adminlogin" time="0.580"/>
  <testcase classname="tests.B_UserRegistrationTest" name="adduser" time="7.744"/>
  <testcase classname="tests.B_UserRegistrationTest" name="adduser" time="7.803"/>
  <testcase classname="tests.B_UserRegistrationTest" name="verifyUser" time="5.252"/>
  <testcase classname="tests.B_UserRegistrationTest" name="verifyUser" time="4.451"/>
</testsuite> <!-- tests.B_UserRegistrationTest -->
