<?xml version="1.0" encoding="UTF-8"?>
<!-- Generated by org.testng.reporters.JUnitReportReporter -->
<testsuite hostname="DESKTOP-DCTEAPV" failures="0" tests="6" name="tests.G_AlphaNodeTest" time="163.341" errors="0" timestamp="2025-06-17T05:59:23 IST" skipped="0">
  <testcase classname="tests.G_AlphaNodeTest" name="adminlogin" time="3.334"/>
  <testcase classname="tests.G_AlphaNodeTest" name="addAlphaNode" time="57.198"/>
  <testcase classname="tests.G_AlphaNodeTest" name="truncateDBTablesOfAlphaNode" time="0.930"/>
  <testcase classname="tests.G_AlphaNodeTest" name="addAlphaNodes" time="42.970"/>
  <testcase classname="tests.G_AlphaNodeTest" name="addAlphaNodes" time="29.611"/>
  <testcase classname="tests.G_AlphaNodeTest" name="addAlphaNodes" time="29.298"/>
</testsuite> <!-- tests.G_AlphaNodeTest -->
